Thu May 19 12:48:53 NZST 2022 : Apache Derby Network Server - 10.14.2.0 - (1828579) started and ready to accept connections on port 1527
----------------------------------------------------------------
Thu May 19 12:48:54 NZST 2022:
Booting Derby version The Apache Software Foundation - Apache Derby - 10.14.2.0 - (1828579): instance a816c00e-0180-d9c9-f6cd-000034278e3d 
on database directory C:\Users\PC\OneDrive - AUT University\Uni\2022\COMP603-ProgramDesignConstruct\HotelBookingGui\src\db\HotelBookingDB with class loader sun.misc.Launcher$AppClassLoader@1d44bcfa 
Loaded from file:/D:/Derby/db-derby-10.14.2.0-bin/lib/derby.jar
java.vendor=Oracle Corporation
java.runtime.version=1.8.0_202-b08
user.dir=D:\Derby\db-derby-10.14.2.0-bin
os.name=Windows 10
os.arch=amd64
os.version=10.0
derby.system.home=C:\Users\PC\OneDrive - AUT University\Uni\2022\COMP603-ProgramDesignConstruct\HotelBookingGui\src\db
Database Class Loader started - derby.database.classpath=''
----------------------------------------------------------------
Thu May 19 12:48:55 NZST 2022:
Shutting down instance a816c00e-0180-d9c9-f6cd-000034278e3d on database directory C:\Users\PC\OneDrive - AUT University\Uni\2022\COMP603-ProgramDesignConstruct\HotelBookingGui\src\db\HotelBookingDB with class loader sun.misc.Launcher$AppClassLoader@1d44bcfa 
Thu May 19 12:48:55 NZST 2022 Thread[DRDAConnThread_3,5,main] (DATABASE = HotelBookingDB), (DRDAID = {2}), Database 'HotelBookingDB' shutdown.
----------------------------------------------------------------
Thu May 19 12:53:48 NZST 2022:
Booting Derby version The Apache Software Foundation - Apache Derby - 10.14.2.0 - (1828579): instance 6ede40af-0180-d9c9-f6cd-000034278e3d 
on database directory C:\Users\PC\OneDrive - AUT University\Uni\2022\COMP603-ProgramDesignConstruct\HotelBookingGui\src\db\HotelBookingDB with class loader sun.misc.Launcher$AppClassLoader@1d44bcfa 
Loaded from file:/D:/Derby/db-derby-10.14.2.0-bin/lib/derby.jar
java.vendor=Oracle Corporation
java.runtime.version=1.8.0_202-b08
user.dir=D:\Derby\db-derby-10.14.2.0-bin
os.name=Windows 10
os.arch=amd64
os.version=10.0
derby.system.home=C:\Users\PC\OneDrive - AUT University\Uni\2022\COMP603-ProgramDesignConstruct\HotelBookingGui\src\db
Database Class Loader started - derby.database.classpath=''
----------------------------------------------------------------
Thu May 19 17:24:03 NZST 2022: Shutting down Derby engine
----------------------------------------------------------------
Thu May 19 17:24:03 NZST 2022:
Shutting down instance 6ede40af-0180-d9c9-f6cd-000034278e3d on database directory C:\Users\PC\OneDrive - AUT University\Uni\2022\COMP603-ProgramDesignConstruct\HotelBookingGui\src\db\HotelBookingDB with class loader sun.misc.Launcher$AppClassLoader@1d44bcfa 
----------------------------------------------------------------
